  Main.cpp
C:\Users\BUNTY\Desktop\manish_chauhan\some_random_game\c++ practice\Project1\PoolManager.h(83,14): warning C4018: '<=': signed/unsigned mismatch
C:\Users\BUNTY\Desktop\manish_chauhan\some_random_game\c++ practice\Project1\PoolManager.h(82): message : while compiling class template member function 'void PoolManager<SomeSprite>::addSprite(T *)'
          with
          [
              T=SomeSprite
          ]
C:\Users\BUNTY\Desktop\manish_chauhan\some_random_game\c++ practice\Project1\Main.h(27): message : see reference to function template instantiation 'void PoolManager<SomeSprite>::addSprite(T *)' being compiled
          with
          [
              T=SomeSprite
          ]
C:\Users\BUNTY\Desktop\manish_chauhan\some_random_game\c++ practice\Project1\Main.h(27): message : see reference to class template instantiation 'PoolManager<SomeSprite>' being compiled
C:\Users\BUNTY\Desktop\manish_chauhan\some_random_game\c++ practice\Project1\PoolManager.h(43,14): warning C4018: '>=': signed/unsigned mismatch
C:\Users\BUNTY\Desktop\manish_chauhan\some_random_game\c++ practice\Project1\PoolManager.h(41): message : while compiling class template member function 'std::vector<T *,std::allocator<T *>> PoolManager<T>::getSprites(int)'
          with
          [
              T=SomeSprite
          ]
C:\Users\BUNTY\Desktop\manish_chauhan\some_random_game\c++ practice\Project1\Main.h(29): message : see reference to function template instantiation 'std::vector<T *,std::allocator<T *>> PoolManager<T>::getSprites(int)' being compiled
          with
          [
              T=SomeSprite
          ]
  PoolManager.cpp
  Generating code
  128 of 239 functions (53.6%) were compiled, the rest were copied from previous compilation.
    47 functions were new in current compilation
    3 functions had inline decision re-evaluated but remain unchanged
  Finished generating code
  Project1.vcxproj -> C:\Users\BUNTY\Desktop\manish_chauhan\some_random_game\c++ practice\Release\Project1.exe
